#-----------------------------------------------------------
# Vivado v2017.4 (64-bit)
# SW Build 2086221 on Fri Dec 15 20:55:39 MST 2017
# IP Build 2085800 on Fri Dec 15 22:25:07 MST 2017
# Start of session at: Thu Mar 30 10:13:49 2023
# Process ID: 13504
# Current directory: E:/eda/10divider/Divider
# Command line: vivado.exe -gui_launcher_event rodinguilauncherevent6832 E:\eda\10divider\Divider\Divider.xpr
# Log file: E:/eda/10divider/Divider/vivado.log
# Journal file: E:/eda/10divider/Divider\vivado.jou
#-----------------------------------------------------------
start_gui
open_project E:/eda/10divider/Divider/Divider.xpr
INFO: [Project 1-313] Project file moved from 'F:/eda/10divider/Divider' since last save.
Scanning sources...
Finished scanning sources
INFO: [IP_Flow 19-234] Refreshing IP repositories
INFO: [IP_Flow 19-1704] No user IP repositories specified
INFO: [IP_Flow 19-2313] Loaded Vivado IP repository 'D:/vivado/2017.4/data/ip'.
update_compile_order -fileset sources_1
exit
INFO: [Common 17-206] Exiting Vivado at Thu Mar 30 10:55:04 2023...
