#-----------------------------------------------------------
# Vivado v2017.4 (64-bit)
# SW Build 2086221 on Fri Dec 15 20:55:39 MST 2017
# IP Build 2085800 on Fri Dec 15 22:25:07 MST 2017
# Start of session at: Sun May 14 22:24:51 2023
# Process ID: 9916
# Current directory: D:/CODWork/SCCPU_SOC
# Command line: vivado.exe -gui_launcher_event rodinguilauncherevent8516 D:\CODWork\SCCPU_SOC\SCCPU_SOC.xpr
# Log file: D:/CODWork/SCCPU_SOC/vivado.log
# Journal file: D:/CODWork/SCCPU_SOC\vivado.jou
#-----------------------------------------------------------
start_gui
open_project D:/CODWork/SCCPU_SOC/SCCPU_SOC.xpr
CRITICAL WARNING: [Project 1-19] Could not find the file 'c:/Users/Administrator/Desktop/test_code/mipstestloop_fpga.coe'.
CRITICAL WARNING: [Project 1-19] Could not find the file 'c:/Users/Administrator/Desktop/test_code/studentsort/studentnosorting.coe'.
Scanning sources...
Finished scanning sources
INFO: [IP_Flow 19-234] Refreshing IP repositories
INFO: [IP_Flow 19-1704] No user IP repositories specified
INFO: [IP_Flow 19-2313] Loaded Vivado IP repository 'D:/vivado/2017.4/data/ip'.
update_compile_order -fileset sources_1
reset_run imem_synth_1
reset_run synth_1
launch_runs synth_1 -jobs 8
INFO: [IP_Flow 19-1686] Generating 'Synthesis' target for IP 'imem'...
ERROR: [Ipptcl 7-519] NULL COE Data pointer: Unable to open the file 
ERROR: [Common 17-39] 'ipgui::get_coe_val' failed due to earlier errors.
CRITICAL WARNING: [IP_Flow 19-1747] Failed to deliver file 'd:/vivado/2017.4/data/ip/xilinx/dist_mem_gen_v8_0/hdl/mem_init_file.xit': ERROR: [Common 17-39] 'ipgui::get_coe_val' failed due to earlier errors.

ERROR: [IP_Flow 19-167] Failed to deliver one or more file(s).
ERROR: [IP_Flow 19-3505] IP Generation error: Failed to generate IP 'imem'. Failed to generate 'Vivado VHDL Synthesis' outputs: 
ERROR: [IP_Flow 19-98] Generation of the IP CORE failed.
Failed to generate IP 'imem'. Failed to generate 'Vivado VHDL Synthesis' outputs: 
set_property -dict [list CONFIG.coefficient_file {D:/CODWork/SCCPU_SOC/studentnosorting.coe}] [get_ips imem]
INFO: [IP_Flow 19-3484] Absolute path of file 'd:/CODWork/SCCPU_SOC/studentnosorting.coe' provided. It will be converted relative to IP Instance files '../../../../studentnosorting.coe'
generate_target all [get_files  D:/CODWork/SCCPU_SOC/SCCPU_SOC.srcs/sources_1/ip/imem/imem.xci]
INFO: [IP_Flow 19-1686] Generating 'Instantiation Template' target for IP 'imem'...
INFO: [IP_Flow 19-1686] Generating 'Synthesis' target for IP 'imem'...
INFO: [IP_Flow 19-1686] Generating 'Simulation' target for IP 'imem'...
INFO: [IP_Flow 19-1686] Generating 'Change Log' target for IP 'imem'...
catch { config_ip_cache -export [get_ips -all imem] }
export_ip_user_files -of_objects [get_files D:/CODWork/SCCPU_SOC/SCCPU_SOC.srcs/sources_1/ip/imem/imem.xci] -no_script -sync -force -quiet
launch_runs -jobs 8 imem_synth_1
[Sun May 14 22:26:52 2023] Launched imem_synth_1...
Run output will be captured here: D:/CODWork/SCCPU_SOC/SCCPU_SOC.runs/imem_synth_1/runme.log
export_simulation -of_objects [get_files D:/CODWork/SCCPU_SOC/SCCPU_SOC.srcs/sources_1/ip/imem/imem.xci] -directory D:/CODWork/SCCPU_SOC/SCCPU_SOC.ip_user_files/sim_scripts -ip_user_files_dir D:/CODWork/SCCPU_SOC/SCCPU_SOC.ip_user_files -ipstatic_source_dir D:/CODWork/SCCPU_SOC/SCCPU_SOC.ip_user_files/ipstatic -lib_map_path [list {modelsim=D:/CODWork/SCCPU_SOC/SCCPU_SOC.cache/compile_simlib/modelsim} {questa=D:/CODWork/SCCPU_SOC/SCCPU_SOC.cache/compile_simlib/questa} {riviera=D:/CODWork/SCCPU_SOC/SCCPU_SOC.cache/compile_simlib/riviera} {activehdl=D:/CODWork/SCCPU_SOC/SCCPU_SOC.cache/compile_simlib/activehdl}] -use_ip_compiled_libs -force -quiet
launch_runs synth_1 -jobs 8
[Sun May 14 22:27:31 2023] Launched synth_1...
Run output will be captured here: D:/CODWork/SCCPU_SOC/SCCPU_SOC.runs/synth_1/runme.log
reset_run synth_1
launch_runs synth_1 -jobs 8
[Sun May 14 22:33:23 2023] Launched synth_1...
Run output will be captured here: D:/CODWork/SCCPU_SOC/SCCPU_SOC.runs/synth_1/runme.log
close_project
exit
INFO: [Common 17-206] Exiting Vivado at Sun May 14 22:35:37 2023...
