#-----------------------------------------------------------
# Vivado v2017.4 (64-bit)
# SW Build 2086221 on Fri Dec 15 20:55:39 MST 2017
# IP Build 2085800 on Fri Dec 15 22:25:07 MST 2017
# Start of session at: Mon May  8 14:04:15 2023
# Process ID: 6924
# Current directory: D:/CODWork/SCCPU_SOC
# Command line: vivado.exe -gui_launcher_event rodinguilauncherevent10140 D:\CODWork\SCCPU_SOC\SCCPU_SOC.xpr
# Log file: D:/CODWork/SCCPU_SOC/vivado.log
# Journal file: D:/CODWork/SCCPU_SOC\vivado.jou
#-----------------------------------------------------------
start_gui
open_project D:/CODWork/SCCPU_SOC/SCCPU_SOC.xpr
Scanning sources...
Finished scanning sources
INFO: [IP_Flow 19-234] Refreshing IP repositories
INFO: [IP_Flow 19-1704] No user IP repositories specified
INFO: [IP_Flow 19-2313] Loaded Vivado IP repository 'D:/vivado/2017.4/data/ip'.
update_compile_order -fileset sources_1
open_hw
connect_hw_server
INFO: [Labtools 27-2285] Connecting to hw_server url TCP:localhost:3121
INFO: [Labtools 27-2222] Launching hw_server...
INFO: [Labtools 27-2221] Launch Output:

****** Xilinx hw_server v2017.4
  **** Build date : Dec 15 2017-21:08:27
    ** Copyright 1986-2017 Xilinx, Inc. All Rights Reserved.


open_hw_target
INFO: [Labtoolstcl 44-466] Opening hw_target localhost:3121/xilinx_tcf/Digilent/210292ABF4BDA
set_property PROGRAM.FILE {D:/CODWork/SCCPU_SOC/SCCPU_SOC.runs/impl_1/SCCPUSOC_Top.bit} [get_hw_devices xc7a100t_0]
current_hw_device [get_hw_devices xc7a100t_0]
refresh_hw_device -update_hw_probes false [lindex [get_hw_devices xc7a100t_0] 0]
INFO: [Labtools 27-1434] Device xc7a100t (JTAG device index = 0) is programmed with a design that has no supported debug core(s) in it.
WARNING: [Labtools 27-3361] The debug hub core was not detected.
Resolution: 
1. Make sure the clock connected to the debug hub (dbg_hub) core is a free running clock and is active.
2. Make sure the BSCAN_SWITCH_USER_MASK device property in Vivado Hardware Manager reflects the user scan chain setting in the design and refresh the device.  To determine the user scan chain setting in the design, open the implemented design and use 'get_property C_USER_SCAN_CHAIN [get_debug_cores dbg_hub]'.
For more details on setting the scan chain property, consult the Vivado Debug and Programming User Guide (UG908).
set_property PROBES.FILE {} [get_hw_devices xc7a100t_0]
set_property FULL_PROBES.FILE {} [get_hw_devices xc7a100t_0]
set_property PROGRAM.FILE {D:/CODWork/SCCPU_SOC/SCCPU_SOC.runs/impl_1/SCCPUSOC_Top.bit} [get_hw_devices xc7a100t_0]
program_hw_devices [get_hw_devices xc7a100t_0]
INFO: [Labtools 27-3164] End of startup status: HIGH
refresh_hw_device [lindex [get_hw_devices xc7a100t_0] 0]
INFO: [Labtools 27-1434] Device xc7a100t (JTAG device index = 0) is programmed with a design that has no supported debug core(s) in it.
WARNING: [Labtools 27-3361] The debug hub core was not detected.
Resolution: 
1. Make sure the clock connected to the debug hub (dbg_hub) core is a free running clock and is active.
2. Make sure the BSCAN_SWITCH_USER_MASK device property in Vivado Hardware Manager reflects the user scan chain setting in the design and refresh the device.  To determine the user scan chain setting in the design, open the implemented design and use 'get_property C_USER_SCAN_CHAIN [get_debug_cores dbg_hub]'.
For more details on setting the scan chain property, consult the Vivado Debug and Programming User Guide (UG908).
set_property PROBES.FILE {} [get_hw_devices xc7a100t_0]
set_property FULL_PROBES.FILE {} [get_hw_devices xc7a100t_0]
set_property PROGRAM.FILE {D:/CODWork/SCCPU_SOC/SCCPU_SOC.runs/impl_1/SCCPUSOC_Top.bit} [get_hw_devices xc7a100t_0]
program_hw_devices [get_hw_devices xc7a100t_0]
INFO: [Labtools 27-3164] End of startup status: HIGH
refresh_hw_device [lindex [get_hw_devices xc7a100t_0] 0]
INFO: [Labtools 27-1434] Device xc7a100t (JTAG device index = 0) is programmed with a design that has no supported debug core(s) in it.
WARNING: [Labtools 27-3361] The debug hub core was not detected.
Resolution: 
1. Make sure the clock connected to the debug hub (dbg_hub) core is a free running clock and is active.
2. Make sure the BSCAN_SWITCH_USER_MASK device property in Vivado Hardware Manager reflects the user scan chain setting in the design and refresh the device.  To determine the user scan chain setting in the design, open the implemented design and use 'get_property C_USER_SCAN_CHAIN [get_debug_cores dbg_hub]'.
For more details on setting the scan chain property, consult the Vivado Debug and Programming User Guide (UG908).
close_hw
set_property -dict [list CONFIG.coefficient_file {C:/Users/Administrator/Desktop/test_code/studentsort/studentnosorting.coe}] [get_ips imem]
generate_target all [get_files  D:/CODWork/SCCPU_SOC/SCCPU_SOC.srcs/sources_1/ip/imem/imem.xci]
INFO: [IP_Flow 19-1686] Generating 'Instantiation Template' target for IP 'imem'...
INFO: [IP_Flow 19-1686] Generating 'Synthesis' target for IP 'imem'...
INFO: [IP_Flow 19-1686] Generating 'Simulation' target for IP 'imem'...
INFO: [IP_Flow 19-1686] Generating 'Change Log' target for IP 'imem'...
catch { config_ip_cache -export [get_ips -all imem] }
export_ip_user_files -of_objects [get_files D:/CODWork/SCCPU_SOC/SCCPU_SOC.srcs/sources_1/ip/imem/imem.xci] -no_script -sync -force -quiet
reset_run imem_synth_1
launch_runs -jobs 8 imem_synth_1
[Mon May  8 14:08:46 2023] Launched imem_synth_1...
Run output will be captured here: D:/CODWork/SCCPU_SOC/SCCPU_SOC.runs/imem_synth_1/runme.log
export_simulation -of_objects [get_files D:/CODWork/SCCPU_SOC/SCCPU_SOC.srcs/sources_1/ip/imem/imem.xci] -directory D:/CODWork/SCCPU_SOC/SCCPU_SOC.ip_user_files/sim_scripts -ip_user_files_dir D:/CODWork/SCCPU_SOC/SCCPU_SOC.ip_user_files -ipstatic_source_dir D:/CODWork/SCCPU_SOC/SCCPU_SOC.ip_user_files/ipstatic -lib_map_path [list {modelsim=D:/CODWork/SCCPU_SOC/SCCPU_SOC.cache/compile_simlib/modelsim} {questa=D:/CODWork/SCCPU_SOC/SCCPU_SOC.cache/compile_simlib/questa} {riviera=D:/CODWork/SCCPU_SOC/SCCPU_SOC.cache/compile_simlib/riviera} {activehdl=D:/CODWork/SCCPU_SOC/SCCPU_SOC.cache/compile_simlib/activehdl}] -use_ip_compiled_libs -force -quiet
reset_run synth_1
launch_runs synth_1 -jobs 8
[Mon May  8 14:09:23 2023] Launched synth_1...
Run output will be captured here: D:/CODWork/SCCPU_SOC/SCCPU_SOC.runs/synth_1/runme.log
launch_runs impl_1 -jobs 8
[Mon May  8 14:10:52 2023] Launched impl_1...
Run output will be captured here: D:/CODWork/SCCPU_SOC/SCCPU_SOC.runs/impl_1/runme.log
launch_runs impl_1 -to_step write_bitstream -jobs 8
[Mon May  8 14:11:59 2023] Launched impl_1...
Run output will be captured here: D:/CODWork/SCCPU_SOC/SCCPU_SOC.runs/impl_1/runme.log
open_run impl_1
INFO: [Netlist 29-17] Analyzing 685 Unisim elements for replacement
INFO: [Netlist 29-28] Unisim Transformation completed in 0 CPU seconds
WARNING: [Netlist 29-101] Netlist 'SCCPUSOC_Top' is not ideal for floorplanning, since the cellview 'RF' contains a large number of primitives.  Please consider enabling hierarchy in synthesis if you want to do floorplanning.
INFO: [Project 1-479] Netlist was created with Vivado 2017.4
INFO: [Device 21-403] Loading part xc7a100tcsg324-1
INFO: [Project 1-570] Preparing netlist for logic optimization
Parsing XDC File [D:/CODWork/SCCPU_SOC/.Xil/Vivado-6924-zby/dcp3/SCCPUSOC_Top.xdc]
Finished Parsing XDC File [D:/CODWork/SCCPU_SOC/.Xil/Vivado-6924-zby/dcp3/SCCPUSOC_Top.xdc]
Reading XDEF placement.
Reading placer database...
Reading XDEF routing.
Read XDEF File: Time (s): cpu = 00:00:00 ; elapsed = 00:00:00.264 . Memory (MB): peak = 1893.754 ; gain = 2.934
Restored from archive | CPU: 0.000000 secs | Memory: 0.000000 MB |
Finished XDEF File Restore: Time (s): cpu = 00:00:00 ; elapsed = 00:00:00.264 . Memory (MB): peak = 1893.754 ; gain = 2.934
INFO: [Project 1-111] Unisim Transformation Summary:
  A total of 32 instances were transformed.
  RAM128X1S => RAM128X1S (MUXF7, RAMS64E, RAMS64E): 32 instances

open_run: Time (s): cpu = 00:00:13 ; elapsed = 00:00:08 . Memory (MB): peak = 2039.762 ; gain = 488.688
reset_run impl_1 -prev_step 
launch_runs impl_1 -to_step write_bitstream -jobs 8
[Mon May  8 14:13:02 2023] Launched impl_1...
Run output will be captured here: D:/CODWork/SCCPU_SOC/SCCPU_SOC.runs/impl_1/runme.log
open_hw
connect_hw_server
INFO: [Labtools 27-2285] Connecting to hw_server url TCP:localhost:3121
INFO: [Labtools 27-2222] Launching hw_server...
INFO: [Labtools 27-2221] Launch Output:

****** Xilinx hw_server v2017.4
  **** Build date : Dec 15 2017-21:08:27
    ** Copyright 1986-2017 Xilinx, Inc. All Rights Reserved.


open_hw_target
INFO: [Labtoolstcl 44-466] Opening hw_target localhost:3121/xilinx_tcf/Digilent/210292ABF4BDA
set_property PROGRAM.FILE {D:/CODWork/SCCPU_SOC/SCCPU_SOC.runs/impl_1/SCCPUSOC_Top.bit} [get_hw_devices xc7a100t_0]
current_hw_device [get_hw_devices xc7a100t_0]
refresh_hw_device -update_hw_probes false [lindex [get_hw_devices xc7a100t_0] 0]
INFO: [Labtools 27-1434] Device xc7a100t (JTAG device index = 0) is programmed with a design that has no supported debug core(s) in it.
WARNING: [Labtools 27-3361] The debug hub core was not detected.
Resolution: 
1. Make sure the clock connected to the debug hub (dbg_hub) core is a free running clock and is active.
2. Make sure the BSCAN_SWITCH_USER_MASK device property in Vivado Hardware Manager reflects the user scan chain setting in the design and refresh the device.  To determine the user scan chain setting in the design, open the implemented design and use 'get_property C_USER_SCAN_CHAIN [get_debug_cores dbg_hub]'.
For more details on setting the scan chain property, consult the Vivado Debug and Programming User Guide (UG908).
set_property PROBES.FILE {} [get_hw_devices xc7a100t_0]
set_property FULL_PROBES.FILE {} [get_hw_devices xc7a100t_0]
set_property PROGRAM.FILE {D:/CODWork/SCCPU_SOC/SCCPU_SOC.runs/impl_1/SCCPUSOC_Top.bit} [get_hw_devices xc7a100t_0]
program_hw_devices [get_hw_devices xc7a100t_0]
INFO: [Labtools 27-3164] End of startup status: HIGH
refresh_hw_device [lindex [get_hw_devices xc7a100t_0] 0]
INFO: [Labtools 27-1434] Device xc7a100t (JTAG device index = 0) is programmed with a design that has no supported debug core(s) in it.
WARNING: [Labtools 27-3361] The debug hub core was not detected.
Resolution: 
1. Make sure the clock connected to the debug hub (dbg_hub) core is a free running clock and is active.
2. Make sure the BSCAN_SWITCH_USER_MASK device property in Vivado Hardware Manager reflects the user scan chain setting in the design and refresh the device.  To determine the user scan chain setting in the design, open the implemented design and use 'get_property C_USER_SCAN_CHAIN [get_debug_cores dbg_hub]'.
For more details on setting the scan chain property, consult the Vivado Debug and Programming User Guide (UG908).
exit
INFO: [Common 17-206] Exiting Vivado at Mon May  8 16:46:28 2023...
