#-----------------------------------------------------------
# Vivado v2017.4 (64-bit)
# SW Build 2086221 on Fri Dec 15 20:55:39 MST 2017
# IP Build 2085800 on Fri Dec 15 22:25:07 MST 2017
# Start of session at: Sun May 14 22:35:43 2023
# Process ID: 1952
# Current directory: D:/CODWork/SCCPU_SOC
# Command line: vivado.exe -gui_launcher_event rodinguilauncherevent15276 D:\CODWork\SCCPU_SOC\SCCPU_SOC.xpr
# Log file: D:/CODWork/SCCPU_SOC/vivado.log
# Journal file: D:/CODWork/SCCPU_SOC\vivado.jou
#-----------------------------------------------------------
start_gui
open_project D:/CODWork/SCCPU_SOC/SCCPU_SOC.xpr
CRITICAL WARNING: [Project 1-19] Could not find the file 'c:/Users/Administrator/Desktop/test_code/mipstestloop_fpga.coe'.
CRITICAL WARNING: [Project 1-19] Could not find the file 'c:/Users/Administrator/Desktop/test_code/studentsort/studentnosorting.coe'.
Scanning sources...
Finished scanning sources
INFO: [IP_Flow 19-234] Refreshing IP repositories
INFO: [IP_Flow 19-1704] No user IP repositories specified
INFO: [IP_Flow 19-2313] Loaded Vivado IP repository 'D:/vivado/2017.4/data/ip'.
update_compile_order -fileset sources_1
reset_run synth_1
launch_runs synth_1 -jobs 8
[Sun May 14 22:36:07 2023] Launched synth_1...
Run output will be captured here: D:/CODWork/SCCPU_SOC/SCCPU_SOC.runs/synth_1/runme.log
export_ip_user_files -of_objects  [get_files c:/Users/Administrator/Desktop/test_code/mipstestloop_fpga.coe] -no_script -reset -force -quiet
remove_files  c:/Users/Administrator/Desktop/test_code/mipstestloop_fpga.coe
export_ip_user_files -of_objects  [get_files c:/Users/Administrator/Desktop/test_code/studentsort/studentnosorting.coe] -no_script -reset -force -quiet
remove_files  c:/Users/Administrator/Desktop/test_code/studentsort/studentnosorting.coe
reset_run synth_1
launch_runs synth_1 -jobs 8
[Sun May 14 22:37:18 2023] Launched synth_1...
Run output will be captured here: D:/CODWork/SCCPU_SOC/SCCPU_SOC.runs/synth_1/runme.log
launch_runs impl_1 -jobs 8
[Sun May 14 22:38:35 2023] Launched impl_1...
Run output will be captured here: D:/CODWork/SCCPU_SOC/SCCPU_SOC.runs/impl_1/runme.log
launch_runs impl_1 -to_step write_bitstream -jobs 8
[Sun May 14 22:39:44 2023] Launched impl_1...
Run output will be captured here: D:/CODWork/SCCPU_SOC/SCCPU_SOC.runs/impl_1/runme.log
open_run impl_1
INFO: [Netlist 29-17] Analyzing 685 Unisim elements for replacement
INFO: [Netlist 29-28] Unisim Transformation completed in 0 CPU seconds
WARNING: [Netlist 29-101] Netlist 'SCCPUSOC_Top' is not ideal for floorplanning, since the cellview 'RF' contains a large number of primitives.  Please consider enabling hierarchy in synthesis if you want to do floorplanning.
INFO: [Project 1-479] Netlist was created with Vivado 2017.4
INFO: [Device 21-403] Loading part xc7a100tcsg324-1
INFO: [Project 1-570] Preparing netlist for logic optimization
Parsing XDC File [D:/CODWork/SCCPU_SOC/.Xil/Vivado-1952-zby/dcp4/SCCPUSOC_Top.xdc]
Finished Parsing XDC File [D:/CODWork/SCCPU_SOC/.Xil/Vivado-1952-zby/dcp4/SCCPUSOC_Top.xdc]
Reading XDEF placement.
Reading placer database...
Reading XDEF routing.
Read XDEF File: Time (s): cpu = 00:00:01 ; elapsed = 00:00:00.259 . Memory (MB): peak = 1145.125 ; gain = 3.414
Restored from archive | CPU: 1.000000 secs | Memory: 0.000000 MB |
Finished XDEF File Restore: Time (s): cpu = 00:00:01 ; elapsed = 00:00:00.259 . Memory (MB): peak = 1145.125 ; gain = 3.414
INFO: [Project 1-111] Unisim Transformation Summary:
  A total of 32 instances were transformed.
  RAM128X1S => RAM128X1S (MUXF7, RAMS64E, RAMS64E): 32 instances

open_run: Time (s): cpu = 00:00:12 ; elapsed = 00:00:08 . Memory (MB): peak = 1336.613 ; gain = 476.742
exit
INFO: [Common 17-206] Exiting Vivado at Sun May 14 22:44:40 2023...
