#-----------------------------------------------------------
# Vivado v2017.4 (64-bit)
# SW Build 2086221 on Fri Dec 15 20:55:39 MST 2017
# IP Build 2085800 on Fri Dec 15 22:25:07 MST 2017
# Start of session at: Mon May  8 10:54:51 2023
# Process ID: 11804
# Current directory: D:/CODWork/SCCPU_SOC
# Command line: vivado.exe -gui_launcher_event rodinguilauncherevent3336 D:\CODWork\SCCPU_SOC\SCCPU_SOC.xpr
# Log file: D:/CODWork/SCCPU_SOC/vivado.log
# Journal file: D:/CODWork/SCCPU_SOC\vivado.jou
#-----------------------------------------------------------
start_gui
open_project D:/CODWork/SCCPU_SOC/SCCPU_SOC.xpr
Scanning sources...
Finished scanning sources
INFO: [IP_Flow 19-234] Refreshing IP repositories
INFO: [IP_Flow 19-1704] No user IP repositories specified
INFO: [IP_Flow 19-2313] Loaded Vivado IP repository 'D:/vivado/2017.4/data/ip'.
update_compile_order -fileset sources_1
set_property -dict [list CONFIG.coefficient_file {C:/Users/Administrator/Desktop/test_code/studentsort/studentnosorting.coe}] [get_ips imem]
generate_target all [get_files  D:/CODWork/SCCPU_SOC/SCCPU_SOC.srcs/sources_1/ip/imem/imem.xci]
INFO: [IP_Flow 19-1686] Generating 'Instantiation Template' target for IP 'imem'...
INFO: [IP_Flow 19-1686] Generating 'Synthesis' target for IP 'imem'...
INFO: [IP_Flow 19-1686] Generating 'Simulation' target for IP 'imem'...
INFO: [IP_Flow 19-1686] Generating 'Change Log' target for IP 'imem'...
catch { config_ip_cache -export [get_ips -all imem] }
export_ip_user_files -of_objects [get_files D:/CODWork/SCCPU_SOC/SCCPU_SOC.srcs/sources_1/ip/imem/imem.xci] -no_script -sync -force -quiet
reset_run imem_synth_1
launch_runs -jobs 8 imem_synth_1
[Mon May  8 10:56:40 2023] Launched imem_synth_1...
Run output will be captured here: D:/CODWork/SCCPU_SOC/SCCPU_SOC.runs/imem_synth_1/runme.log
export_simulation -of_objects [get_files D:/CODWork/SCCPU_SOC/SCCPU_SOC.srcs/sources_1/ip/imem/imem.xci] -directory D:/CODWork/SCCPU_SOC/SCCPU_SOC.ip_user_files/sim_scripts -ip_user_files_dir D:/CODWork/SCCPU_SOC/SCCPU_SOC.ip_user_files -ipstatic_source_dir D:/CODWork/SCCPU_SOC/SCCPU_SOC.ip_user_files/ipstatic -lib_map_path [list {modelsim=D:/CODWork/SCCPU_SOC/SCCPU_SOC.cache/compile_simlib/modelsim} {questa=D:/CODWork/SCCPU_SOC/SCCPU_SOC.cache/compile_simlib/questa} {riviera=D:/CODWork/SCCPU_SOC/SCCPU_SOC.cache/compile_simlib/riviera} {activehdl=D:/CODWork/SCCPU_SOC/SCCPU_SOC.cache/compile_simlib/activehdl}] -use_ip_compiled_libs -force -quiet
reset_run synth_1
WARNING: [Vivado 12-1017] Problems encountered:
1. Failed to delete one or more files in run directory D:/CODWork/SCCPU_SOC/SCCPU_SOC.runs/synth_1

launch_runs synth_1 -jobs 8
[Mon May  8 10:57:05 2023] Launched imem_synth_1...
Run output will be captured here: D:/CODWork/SCCPU_SOC/SCCPU_SOC.runs/imem_synth_1/runme.log
[Mon May  8 10:57:05 2023] Launched synth_1...
Run output will be captured here: D:/CODWork/SCCPU_SOC/SCCPU_SOC.runs/synth_1/runme.log
launch_runs impl_1 -jobs 8
[Mon May  8 10:58:34 2023] Launched impl_1...
Run output will be captured here: D:/CODWork/SCCPU_SOC/SCCPU_SOC.runs/impl_1/runme.log
launch_runs impl_1 -to_step write_bitstream -jobs 8
[Mon May  8 10:59:48 2023] Launched impl_1...
Run output will be captured here: D:/CODWork/SCCPU_SOC/SCCPU_SOC.runs/impl_1/runme.log
open_run impl_1
INFO: [Netlist 29-17] Analyzing 685 Unisim elements for replacement
INFO: [Netlist 29-28] Unisim Transformation completed in 0 CPU seconds
WARNING: [Netlist 29-101] Netlist 'SCCPUSOC_Top' is not ideal for floorplanning, since the cellview 'RF' contains a large number of primitives.  Please consider enabling hierarchy in synthesis if you want to do floorplanning.
INFO: [Project 1-479] Netlist was created with Vivado 2017.4
INFO: [Device 21-403] Loading part xc7a100tcsg324-1
INFO: [Project 1-570] Preparing netlist for logic optimization
Parsing XDC File [D:/CODWork/SCCPU_SOC/.Xil/Vivado-11804-zby/dcp2/SCCPUSOC_Top.xdc]
Finished Parsing XDC File [D:/CODWork/SCCPU_SOC/.Xil/Vivado-11804-zby/dcp2/SCCPUSOC_Top.xdc]
Reading XDEF placement.
Reading placer database...
Reading XDEF routing.
Read XDEF File: Time (s): cpu = 00:00:01 ; elapsed = 00:00:00.263 . Memory (MB): peak = 1275.008 ; gain = 3.504
Restored from archive | CPU: 1.000000 secs | Memory: 0.000000 MB |
Finished XDEF File Restore: Time (s): cpu = 00:00:01 ; elapsed = 00:00:00.263 . Memory (MB): peak = 1275.008 ; gain = 3.504
INFO: [Project 1-111] Unisim Transformation Summary:
  A total of 32 instances were transformed.
  RAM128X1S => RAM128X1S (MUXF7, RAMS64E, RAMS64E): 32 instances

open_run: Time (s): cpu = 00:00:12 ; elapsed = 00:00:08 . Memory (MB): peak = 1420.051 ; gain = 469.082
reset_run impl_1 -prev_step 
launch_runs impl_1 -to_step write_bitstream -jobs 8
[Mon May  8 11:00:56 2023] Launched impl_1...
Run output will be captured here: D:/CODWork/SCCPU_SOC/SCCPU_SOC.runs/impl_1/runme.log
exit
INFO: [Common 17-206] Exiting Vivado at Mon May  8 11:02:46 2023...
