#-----------------------------------------------------------
# Vivado v2017.4 (64-bit)
# SW Build 2086221 on Fri Dec 15 20:55:39 MST 2017
# IP Build 2085800 on Fri Dec 15 22:25:07 MST 2017
# Start of session at: Fri Mar 17 23:15:18 2023
# Process ID: 8484
# Current directory: E:/eda/7_comp8/comp_8
# Command line: vivado.exe -gui_launcher_event rodinguilauncherevent6372 E:\eda\7_comp8\comp_8\comp_8.xpr
# Log file: E:/eda/7_comp8/comp_8/vivado.log
# Journal file: E:/eda/7_comp8/comp_8\vivado.jou
#-----------------------------------------------------------
start_gui
open_project E:/eda/7_comp8/comp_8/comp_8.xpr
Scanning sources...
Finished scanning sources
INFO: [IP_Flow 19-234] Refreshing IP repositories
INFO: [IP_Flow 19-1704] No user IP repositories specified
INFO: [IP_Flow 19-2313] Loaded Vivado IP repository 'D:/vivado/2017.4/data/ip'.
update_compile_order -fileset sources_1
exit
INFO: [Common 17-206] Exiting Vivado at Fri Mar 17 23:15:33 2023...
