\BOOKMARK [1][-]{section.1}{\376\377\133\236\232\214\121\205\133\271}{}% 1
\BOOKMARK [2][-]{subsection.1.1}{\376\377\133\236\232\214\220\011\230\230\121\205\133\271}{section.1}% 2
\BOOKMARK [3][-]{subsubsection.1.1.1}{\376\377\000P\000a\000r\000t\000\040\000A\000\040\176\374\124\010\210\305\221\115}{subsection.1.1}% 3
\BOOKMARK [3][-]{subsubsection.1.1.2}{\376\377\000P\000a\000r\000t\000\040\000B\000\040\133\211\121\150\122\006\147\220\116\016\226\062\137\241}{subsection.1.1}% 4
\BOOKMARK [2][-]{subsection.1.2}{\376\377\134\017\176\304\122\006\135\345\140\305\121\265}{section.1}% 5
\BOOKMARK [1][-]{section.2}{\376\377\133\236\232\214\163\257\130\203}{}% 6
\BOOKMARK [1][-]{section.3}{\376\377\133\236\232\214\145\271\150\110\213\276\213\241}{}% 7
\BOOKMARK [2][-]{subsection.3.1}{\376\377\000P\000a\000r\000t\000\040\000A\000\040\116\373\122\241\116\000}{section.3}% 8
\BOOKMARK [2][-]{subsection.3.2}{\376\377\000P\000a\000r\000t\000\040\000A\000\040\116\373\122\241\116\214}{section.3}% 9
\BOOKMARK [2][-]{subsection.3.3}{\376\377\000P\000a\000r\000t\000\040\000A\000\040\116\373\122\241\116\011}{section.3}% 10
\BOOKMARK [3][-]{subsubsection.3.3.1}{\376\377\000w\000a\000i\000t\124\214\000e\000x\000i\000t}{subsection.3.3}% 11
\BOOKMARK [2][-]{subsection.3.4}{\376\377\000P\000a\000r\000t\000\040\000A\000\040\116\373\122\241\126\333}{section.3}% 12
\BOOKMARK [3][-]{subsubsection.3.4.1}{\376\377\000I\000P\000C}{subsection.3.4}% 13
\BOOKMARK [3][-]{subsubsection.3.4.2}{\376\377\121\205\133\130\173\241\164\006\147\072\122\066}{subsection.3.4}% 14
\BOOKMARK [3][-]{subsubsection.3.4.3}{\376\377\122\006\230\165\133\236\163\260\140\035\215\357}{subsection.3.4}% 15
\BOOKMARK [2][-]{subsection.3.5}{\376\377\000P\000a\000r\000t\000\040\000B\000\040\116\373\122\241\116\000}{section.3}% 16
\BOOKMARK [3][-]{subsubsection.3.5.1}{\376\377\000E\000L\000F\145\207\116\366\154\350\121\145}{subsection.3.5}% 17
\BOOKMARK [3][-]{subsubsection.3.5.2}{\376\377\177\023\121\262\123\072\156\242\121\372\116\016\000R\000O\000P}{subsection.3.5}% 18
\BOOKMARK [2][-]{subsection.3.6}{\376\377\000P\000a\000r\000t\000\040\000B\000\040\116\373\122\241\116\214}{section.3}% 19
\BOOKMARK [2][-]{subsection.3.7}{\376\377\000P\000a\000r\000t\000\040\000B\000\040\116\373\122\241\116\011}{section.3}% 20
\BOOKMARK [1][-]{section.4}{\376\377\133\236\232\214\217\307\172\013\122\006\147\220}{}% 21
\BOOKMARK [2][-]{subsection.4.1}{\376\377\000P\000a\000r\000t\000\040\000A\000\040\116\373\122\241\116\000}{section.4}% 22
\BOOKMARK [2][-]{subsection.4.2}{\376\377\000P\000a\000r\000t\000\040\000A\000\040\116\373\122\241\116\214}{section.4}% 23
\BOOKMARK [2][-]{subsection.4.3}{\376\377\000P\000a\000r\000t\000\040\000A\000\040\116\373\122\241\116\011}{section.4}% 24
\BOOKMARK [2][-]{subsection.4.4}{\376\377\000P\000a\000r\000t\000\040\000A\000\040\116\373\122\241\126\333}{section.4}% 25
\BOOKMARK [2][-]{subsection.4.5}{\376\377\000P\000a\000r\000t\000\040\000B\000\040\116\373\122\241\116\000}{section.4}% 26
\BOOKMARK [2][-]{subsection.4.6}{\376\377\000P\000a\000r\000t\000\040\000B\000\040\116\373\122\241\116\214}{section.4}% 27
\BOOKMARK [2][-]{subsection.4.7}{\376\377\000P\000a\000r\000t\000\040\000B\000\040\116\373\122\241\116\011}{section.4}% 28
\BOOKMARK [1][-]{section.5}{\376\377\133\236\232\214\176\323\147\234\140\073\176\323}{}% 29
\BOOKMARK [2][-]{subsection.5.1}{\376\377\121\306\131\007\135\345\117\134}{section.5}% 30
\BOOKMARK [2][-]{subsection.5.2}{\376\377\133\236\232\214\176\323\147\234}{section.5}% 31
\BOOKMARK [3][-]{subsubsection.5.2.1}{\376\377\000P\000a\000r\000t\000\040\000A}{subsection.5.2}% 32
\BOOKMARK [3][-]{subsubsection.5.2.2}{\376\377\000P\000a\000r\000t\000\040\000B}{subsection.5.2}% 33
\BOOKMARK [2][-]{subsection.5.3}{\376\377\116\052\116\272\137\303\137\227\117\123\117\032}{section.5}% 34
\BOOKMARK [1][-]{section.6}{\376\377\143\007\133\374\145\131\136\010\213\304\213\355\123\312\142\020\176\351}{}% 35
