#-----------------------------------------------------------
# Vivado v2017.4 (64-bit)
# SW Build 2086221 on Fri Dec 15 20:55:39 MST 2017
# IP Build 2085800 on Fri Dec 15 22:25:07 MST 2017
# Start of session at: Tue May 16 15:46:03 2023
# Process ID: 14400
# Current directory: D:/CODWork/MCCPU_SOC
# Command line: vivado.exe -gui_launcher_event rodinguilauncherevent9028 D:\CODWork\MCCPU_SOC\MCCPU_SOC.xpr
# Log file: D:/CODWork/MCCPU_SOC/vivado.log
# Journal file: D:/CODWork/MCCPU_SOC\vivado.jou
#-----------------------------------------------------------
start_gui
open_project D:/CODWork/MCCPU_SOC/MCCPU_SOC.xpr
Scanning sources...
Finished scanning sources
INFO: [IP_Flow 19-234] Refreshing IP repositories
INFO: [IP_Flow 19-1704] No user IP repositories specified
INFO: [IP_Flow 19-2313] Loaded Vivado IP repository 'D:/vivado/2017.4/data/ip'.
update_compile_order -fileset sources_1
open_run impl_1
INFO: [Netlist 29-17] Analyzing 588 Unisim elements for replacement
INFO: [Netlist 29-28] Unisim Transformation completed in 0 CPU seconds
INFO: [Project 1-479] Netlist was created with Vivado 2017.4
INFO: [Device 21-403] Loading part xc7a100tcsg324-1
INFO: [Project 1-570] Preparing netlist for logic optimization
Parsing XDC File [D:/CODWork/MCCPU_SOC/.Xil/Vivado-14400-zby/dcp0/MCCPUSOC_Top.xdc]
Finished Parsing XDC File [D:/CODWork/MCCPU_SOC/.Xil/Vivado-14400-zby/dcp0/MCCPUSOC_Top.xdc]
Reading XDEF placement.
Reading placer database...
Reading XDEF routing.
Read XDEF File: Time (s): cpu = 00:00:00 ; elapsed = 00:00:00.293 . Memory (MB): peak = 1176.445 ; gain = 3.312
Restored from archive | CPU: 0.000000 secs | Memory: 0.000000 MB |
Finished XDEF File Restore: Time (s): cpu = 00:00:00 ; elapsed = 00:00:00.294 . Memory (MB): peak = 1176.445 ; gain = 3.312
INFO: [Project 1-111] Unisim Transformation Summary:
  A total of 32 instances were transformed.
  RAM128X1S => RAM128X1S (MUXF7, RAMS64E, RAMS64E): 32 instances

open_run: Time (s): cpu = 00:00:17 ; elapsed = 00:00:09 . Memory (MB): peak = 1354.633 ; gain = 472.203
exit
INFO: [Common 17-206] Exiting Vivado at Tue May 16 16:04:45 2023...
