#-----------------------------------------------------------
# Vivado v2017.4 (64-bit)
# SW Build 2086221 on Fri Dec 15 20:55:39 MST 2017
# IP Build 2085800 on Fri Dec 15 22:25:07 MST 2017
# Start of session at: Thu Mar 30 10:55:32 2023
# Process ID: 9344
# Current directory: E:/eda/11timer/timer
# Command line: vivado.exe -gui_launcher_event rodinguilauncherevent4128 E:\eda\11timer\timer\timer.xpr
# Log file: E:/eda/11timer/timer/vivado.log
# Journal file: E:/eda/11timer/timer\vivado.jou
#-----------------------------------------------------------
start_gui
open_project E:/eda/11timer/timer/timer.xpr
INFO: [Project 1-313] Project file moved from 'F:/eda/timer' since last save.
Scanning sources...
Finished scanning sources
INFO: [IP_Flow 19-234] Refreshing IP repositories
INFO: [IP_Flow 19-1704] No user IP repositories specified
INFO: [IP_Flow 19-2313] Loaded Vivado IP repository 'D:/vivado/2017.4/data/ip'.
update_compile_order -fileset sources_1
exit
INFO: [Common 17-206] Exiting Vivado at Thu Mar 30 15:51:07 2023...
