#-----------------------------------------------------------
# Vivado v2017.4 (64-bit)
# SW Build 2086221 on Fri Dec 15 20:55:39 MST 2017
# IP Build 2085800 on Fri Dec 15 22:25:07 MST 2017
# Start of session at: Sat Mar 18 14:25:06 2023
# Process ID: 7648
# Current directory: F:/eda/11timer/timer
# Command line: vivado.exe -gui_launcher_event rodinguilauncherevent3832 F:\eda\11timer\timer\timer.xpr
# Log file: F:/eda/11timer/timer/vivado.log
# Journal file: F:/eda/11timer/timer\vivado.jou
#-----------------------------------------------------------
start_gui
open_project F:/eda/11timer/timer/timer.xpr
INFO: [Project 1-313] Project file moved from 'F:/eda/timer' since last save.
Scanning sources...
Finished scanning sources
INFO: [IP_Flow 19-234] Refreshing IP repositories
INFO: [IP_Flow 19-1704] No user IP repositories specified
INFO: [IP_Flow 19-2313] Loaded Vivado IP repository 'C:/Xilinx/Vivado/2017.4/data/ip'.
update_compile_order -fileset sources_1
exit
INFO: [Common 17-206] Exiting Vivado at Sat Mar 18 15:22:49 2023...
